# JRE version: Java(TM) SE Runtime Environment (21.0.9+7) (build 21.0.9+7-LTS-338)
# Java VM: Java HotSpot(TM) 64-Bit Server VM (21.0.9+7-LTS-338, mixed mode, sharing, tiered, compressed oops, compressed class ptrs, g1 gc, bsd-aarch64)
Heap:
 garbage-first heap   total 264192K, used 64901K [0x0000000700000000, 0x0000000800000000)
  region size 2048K, 27 young (55296K), 2 survivors (4096K)
 Metaspace       used 9308K, committed 9536K, reserved 1114112K
  class space    used 950K, committed 1024K, reserved 1048576K
GC Heap History (14 events):
Event: 25.237 GC heap before
{Heap before GC invocations=0 (full 0):
 garbage-first heap   total 264192K, used 25643K [0x0000000700000000, 0x0000000800000000)
  region size 2048K, 11 young (22528K), 0 survivors (0K)
 Metaspace       used 9294K, committed 9536K, reserved 1114112K
  class space    used 950K, committed 1024K, reserved 1048576K
}
Event: 25.245 GC heap after
{Heap after GC invocations=1 (full 0):
 garbage-first heap   total 264192K, used 18427K [0x0000000700000000, 0x0000000800000000)
  region size 2048K, 2 young (4096K), 2 survivors (4096K)
 Metaspace       used 9294K, committed 9536K, reserved 1114112K
  class space    used 950K, committed 1024K, reserved 1048576K
}
Event: 237.876 GC heap before
{Heap before GC invocations=1 (full 0):
 garbage-first heap   total 264192K, used 53243K [0x0000000700000000, 0x0000000800000000)
  region size 2048K, 19 young (38912K), 2 survivors (4096K)
 Metaspace       used 9298K, committed 9536K, reserved 1114112K
  class space    used 950K, committed 1024K, reserved 1048576K
}
Event: 237.881 GC heap after
{Heap after GC invocations=2 (full 0):
 garbage-first heap   total 264192K, used 14889K [0x0000000700000000, 0x0000000800000000)
  region size 2048K, 2 young (4096K), 2 survivors (4096K)
 Metaspace       used 9298K, committed 9536K, reserved 1114112K
  class space    used 950K, committed 1024K, reserved 1048576K
}
Event: 1250.078 GC heap before
{Heap before GC invocations=2 (full 0):
 garbage-first heap   total 264192K, used 166441K [0x0000000700000000, 0x0000000800000000)
  region size 2048K, 76 young (155648K), 2 survivors (4096K)
 Metaspace       used 9308K, committed 9536K, reserved 1114112K
  class space    used 950K, committed 1024K, reserved 1048576K
}
Event: 1250.086 GC heap after
{Heap after GC invocations=3 (full 0):
 garbage-first heap   total 264192K, used 14939K [0x0000000700000000, 0x0000000800000000)
  region size 2048K, 2 young (4096K), 2 survivors (4096K)
 Metaspace       used 9308K, committed 9536K, reserved 1114112K
  class space    used 950K, committed 1024K, reserved 1048576K
}
Event: 2259.447 GC heap before
{Heap before GC invocations=3 (full 0):
 garbage-first heap   total 264192K, used 166491K [0x0000000700000000, 0x0000000800000000)
  region size 2048K, 76 young (155648K), 2 survivors (4096K)
 Metaspace       used 9308K, committed 9536K, reserved 1114112K
  class space    used 950K, committed 1024K, reserved 1048576K
}
Event: 2259.476 GC heap after
{Heap after GC invocations=4 (full 0):
 garbage-first heap   total 264192K, used 14928K [0x0000000700000000, 0x0000000800000000)
  region size 2048K, 2 young (4096K), 2 survivors (4096K)
 Metaspace       used 9308K, committed 9536K, reserved 1114112K
  class space    used 950K, committed 1024K, reserved 1048576K
}
Event: 3277.091 GC heap before
{Heap before GC invocations=4 (full 0):
 garbage-first heap   total 264192K, used 166480K [0x0000000700000000, 0x0000000800000000)
  region size 2048K, 76 young (155648K), 2 survivors (4096K)
 Metaspace       used 9308K, committed 9536K, reserved 1114112K
  class space    used 950K, committed 1024K, reserved 1048576K
}
Event: 3277.099 GC heap after
{Heap after GC invocations=5 (full 0):
 garbage-first heap   total 264192K, used 14909K [0x0000000700000000, 0x0000000800000000)
  region size 2048K, 2 young (4096K), 2 survivors (4096K)
 Metaspace       used 9308K, committed 9536K, reserved 1114112K
  class space    used 950K, committed 1024K, reserved 1048576K
}
Event: 4286.589 GC heap before
{Heap before GC invocations=5 (full 0):
 garbage-first heap   total 264192K, used 166461K [0x0000000700000000, 0x0000000800000000)
  region size 2048K, 76 young (155648K), 2 survivors (4096K)
 Metaspace       used 9308K, committed 9536K, reserved 1114112K
  class space    used 950K, committed 1024K, reserved 1048576K
}
Event: 4286.599 GC heap after
{Heap after GC invocations=6 (full 0):
 garbage-first heap   total 264192K, used 14916K [0x0000000700000000, 0x0000000800000000)
  region size 2048K, 2 young (4096K), 2 survivors (4096K)
 Metaspace       used 9308K, committed 9536K, reserved 1114112K
  class space    used 950K, committed 1024K, reserved 1048576K
}
Event: 5301.095 GC heap before
{Heap before GC invocations=6 (full 0):
 garbage-first heap   total 264192K, used 166468K [0x0000000700000000, 0x0000000800000000)
  region size 2048K, 76 young (155648K), 2 survivors (4096K)
 Metaspace       used 9308K, committed 9536K, reserved 1114112K
  class space    used 950K, committed 1024K, reserved 1048576K
}
Event: 5301.104 GC heap after
{Heap after GC invocations=7 (full 0):
 garbage-first heap   total 264192K, used 14725K [0x0000000700000000, 0x0000000800000000)
  region size 2048K, 2 young (4096K), 2 survivors (4096K)
 Metaspace       used 9308K, committed 9536K, reserved 1114112K
  class space    used 950K, committed 1024K, reserved 1048576K
}

